<?xml version="1.0" encoding="UTF-8"?>
<testng-results ignored="0" total="1" passed="1" failed="0" skipped="0">
  <reporter-output>
  </reporter-output>
  <suite started-at="2022-06-08T12:29:14 CST" name="Default suite" finished-at="2022-06-08T12:29:24 CST" duration-ms="10311">
    <groups>
    </groups>
    <test started-at="2022-06-08T12:29:14 CST" name="Default test" finished-at="2022-06-08T12:29:24 CST" duration-ms="10311">
      <class name="demo.katalonExportDemo">
        <test-method is-config="true" signature="setUp()[pri:0, instance:demo.katalonExportDemo@7bab3f1a]" started-at="2022-06-08T12:29:14 CST" name="setUp" finished-at="2022-06-08T12:29:16 CST" duration-ms="2090" status="PASS">
          <reporter-output>
          </reporter-output>
        </test-method> <!-- setUp -->
        <test-method signature="testUntitledTestCase()[pri:0, instance:demo.katalonExportDemo@7bab3f1a]" started-at="2022-06-08T12:29:16 CST" name="testUntitledTestCase" finished-at="2022-06-08T12:29:24 CST" duration-ms="8076" status="PASS">
          <reporter-output>
          </reporter-output>
        </test-method> <!-- testUntitledTestCase -->
        <test-method is-config="true" signature="tearDown()[pri:0, instance:demo.katalonExportDemo@7bab3f1a]" started-at="2022-06-08T12:29:24 CST" name="tearDown" finished-at="2022-06-08T12:29:24 CST" duration-ms="122" status="PASS">
          <reporter-output>
          </reporter-output>
        </test-method> <!-- tearDown -->
      </class> <!-- demo.katalonExportDemo -->
    </test> <!-- Default test -->
  </suite> <!-- Default suite -->
</testng-results>
