<?xml version="1.0" encoding="UTF-8"?>
<testng-results ignored="0" total="1" passed="1" failed="0" skipped="0">
  <reporter-output>
  </reporter-output>
  <suite started-at="2022-06-10T17:20:35 CST" name="Suite1" finished-at="2022-06-10T17:20:35 CST" duration-ms="32">
    <groups>
    </groups>
    <test started-at="2022-06-10T17:20:35 CST" name="Test1" finished-at="2022-06-10T17:20:35 CST" duration-ms="32">
      <class name="demo.TestNGParametersDemo">
        <test-method signature="test(java.lang.String)[pri:0, instance:demo.TestNGParametersDemo@2fb3536e]" started-at="2022-06-10T17:20:35 CST" name="test" finished-at="2022-06-10T17:20:35 CST" duration-ms="5" status="PASS">
          <params>
            <param index="0">
              <value>
                <![CDATA[defaultValue]]>
              </value>
            </param>
          </params>
          <reporter-output>
          </reporter-output>
        </test-method> <!-- test -->
      </class> <!-- demo.TestNGParametersDemo -->
    </test> <!-- Test1 -->
  </suite> <!-- Suite1 -->
</testng-results>
